# JRE version: 7.0_07-b10
# Java VM: Java HotSpot(TM) 64-Bit Server VM (23.3-b01 mixed mode windows-amd64 compressed oops)
Heap
 PSYoungGen      total 374272K, used 366051K [0x00000000db000000, 0x00000000f3340000, 0x0000000100000000)
  eden space 353344K, 99% used [0x00000000db000000,0x00000000f076b318,0x00000000f0910000)
  from space 20928K, 68% used [0x00000000f1df0000,0x00000000f2bfdb18,0x00000000f3260000)
  to   space 21376K, 0% used [0x00000000f0910000,0x00000000f0910000,0x00000000f1df0000)
 ParOldGen       total 75776K, used 28636K [0x0000000091000000, 0x0000000095a00000, 0x00000000db000000)
  object space 75776K, 37% used [0x0000000091000000,0x0000000092bf73d8,0x0000000095a00000)
 PSPermGen       total 51584K, used 51500K [0x000000008be00000, 0x000000008f060000, 0x0000000091000000)
  object space 51584K, 99% used [0x000000008be00000,0x000000008f04b018,0x000000008f060000)
GC Heap History (10 events):
Event: 3.064 GC heap before
{Heap before GC invocations=6 (full 0):
 PSYoungGen      total 61568K, used 61560K [0x00000000db000000, 0x00000000e30e0000, 0x0000000100000000)
  eden space 56832K, 100% used [0x00000000db000000,0x00000000de780000,0x00000000de780000)
  from space 4736K, 99% used [0x00000000de780000,0x00000000dec1e030,0x00000000dec20000)
  to   space 9152K, 0% used [0x00000000e27f0000,0x00000000e27f0000,0x00000000e30e0000)
 ParOldGen       total 75776K, used 8822K [0x0000000091000000, 0x0000000095a00000, 0x00000000db000000)
  object space 75776K, 11% used [0x0000000091000000,0x000000009189dae8,0x0000000095a00000)
 PSPermGen       total 24512K, used 24484K [0x000000008be00000, 0x000000008d5f0000, 0x0000000091000000)
  object space 24512K, 99% used [0x000000008be00000,0x000000008d5e9050,0x000000008d5f0000)
Event: 3.078 GC heap after
Heap after GC invocations=6 (full 0):
 PSYoungGen      total 121728K, used 9140K [0x00000000db000000, 0x00000000e3300000, 0x0000000100000000)
  eden space 112576K, 0% used [0x00000000db000000,0x00000000db000000,0x00000000e1df0000)
  from space 9152K, 99% used [0x00000000e27f0000,0x00000000e30dd3d8,0x00000000e30e0000)
  to   space 10240K, 0% used [0x00000000e1df0000,0x00000000e1df0000,0x00000000e27f0000)
 ParOldGen       total 75776K, used 8854K [0x0000000091000000, 0x0000000095a00000, 0x00000000db000000)
  object space 75776K, 11% used [0x0000000091000000,0x00000000918a5bd0,0x0000000095a00000)
 PSPermGen       total 24512K, used 24484K [0x000000008be00000, 0x000000008d5f0000, 0x0000000091000000)
  object space 24512K, 99% used [0x000000008be00000,0x000000008d5e9050,0x000000008d5f0000)
}
Event: 4.052 GC heap before
{Heap before GC invocations=7 (full 0):
 PSYoungGen      total 121728K, used 121716K [0x00000000db000000, 0x00000000e3300000, 0x0000000100000000)
  eden space 112576K, 100% used [0x00000000db000000,0x00000000e1df0000,0x00000000e1df0000)
  from space 9152K, 99% used [0x00000000e27f0000,0x00000000e30dd3d8,0x00000000e30e0000)
  to   space 10240K, 0% used [0x00000000e1df0000,0x00000000e1df0000,0x00000000e27f0000)
 ParOldGen       total 75776K, used 8854K [0x0000000091000000, 0x0000000095a00000, 0x00000000db000000)
  object space 75776K, 11% used [0x0000000091000000,0x00000000918a5bd0,0x0000000095a00000)
 PSPermGen       total 31232K, used 31199K [0x000000008be00000, 0x000000008dc80000, 0x0000000091000000)
  object space 31232K, 99% used [0x000000008be00000,0x000000008dc77f80,0x000000008dc80000)
Event: 4.070 GC heap after
Heap after GC invocations=7 (full 0):
 PSYoungGen      total 122816K, used 10219K [0x00000000db000000, 0x00000000ea500000, 0x0000000100000000)
  eden space 112576K, 0% used [0x00000000db000000,0x00000000db000000,0x00000000e1df0000)
  from space 10240K, 99% used [0x00000000e1df0000,0x00000000e27eace0,0x00000000e27f0000)
  to   space 12864K, 0% used [0x00000000e9870000,0x00000000e9870000,0x00000000ea500000)
 ParOldGen       total 75776K, used 11722K [0x0000000091000000, 0x0000000095a00000, 0x00000000db000000)
  object space 75776K, 15% used [0x0000000091000000,0x0000000091b72918,0x0000000095a00000)
 PSPermGen       total 31232K, used 31199K [0x000000008be00000, 0x000000008dc80000, 0x0000000091000000)
  object space 31232K, 99% used [0x000000008be00000,0x000000008dc77f80,0x000000008dc80000)
}
Event: 5.410 GC heap before
{Heap before GC invocations=8 (full 0):
 PSYoungGen      total 122816K, used 122795K [0x00000000db000000, 0x00000000ea500000, 0x0000000100000000)
  eden space 112576K, 100% used [0x00000000db000000,0x00000000e1df0000,0x00000000e1df0000)
  from space 10240K, 99% used [0x00000000e1df0000,0x00000000e27eace0,0x00000000e27f0000)
  to   space 12864K, 0% used [0x00000000e9870000,0x00000000e9870000,0x00000000ea500000)
 ParOldGen       total 75776K, used 11722K [0x0000000091000000, 0x0000000095a00000, 0x00000000db000000)
  object space 75776K, 15% used [0x0000000091000000,0x0000000091b72918,0x0000000095a00000)
 PSPermGen       total 35072K, used 35001K [0x000000008be00000, 0x000000008e040000, 0x0000000091000000)
  object space 35072K, 99% used [0x000000008be00000,0x000000008e02e7d0,0x000000008e040000)
Event: 5.431 GC heap after
Heap after GC invocations=8 (full 0):
 PSYoungGen      total 233984K, used 12858K [0x00000000db000000, 0x00000000eace0000, 0x0000000100000000)
  eden space 221120K, 0% used [0x00000000db000000,0x00000000db000000,0x00000000e87f0000)
  from space 12864K, 99% used [0x00000000e9870000,0x00000000ea4fea78,0x00000000ea500000)
  to   space 16896K, 0% used [0x00000000e87f0000,0x00000000e87f0000,0x00000000e9870000)
 ParOldGen       total 75776K, used 17240K [0x0000000091000000, 0x0000000095a00000, 0x00000000db000000)
  object space 75776K, 22% used [0x0000000091000000,0x00000000920d6260,0x0000000095a00000)
 PSPermGen       total 35072K, used 35001K [0x000000008be00000, 0x000000008e040000, 0x0000000091000000)
  object space 35072K, 99% used [0x000000008be00000,0x000000008e02e7d0,0x000000008e040000)
}
Event: 7.065 GC heap before
{Heap before GC invocations=9 (full 0):
 PSYoungGen      total 233984K, used 233978K [0x00000000db000000, 0x00000000eace0000, 0x0000000100000000)
  eden space 221120K, 100% used [0x00000000db000000,0x00000000e87f0000,0x00000000e87f0000)
  from space 12864K, 99% used [0x00000000e9870000,0x00000000ea4fea78,0x00000000ea500000)
  to   space 16896K, 0% used [0x00000000e87f0000,0x00000000e87f0000,0x00000000e9870000)
 ParOldGen       total 75776K, used 17240K [0x0000000091000000, 0x0000000095a00000, 0x00000000db000000)
  object space 75776K, 22% used [0x0000000091000000,0x00000000920d6260,0x0000000095a00000)
 PSPermGen       total 36416K, used 36276K [0x000000008be00000, 0x000000008e190000, 0x0000000091000000)
  object space 36416K, 99% used [0x000000008be00000,0x000000008e16d180,0x000000008e190000)
Event: 7.084 GC heap after
Heap after GC invocations=9 (full 0):
 PSYoungGen      total 238016K, used 16882K [0x00000000db000000, 0x00000000f3260000, 0x0000000100000000)
  eden space 221120K, 0% used [0x00000000db000000,0x00000000db000000,0x00000000e87f0000)
  from space 16896K, 99% used [0x00000000e87f0000,0x00000000e986c9b0,0x00000000e9870000)
  to   space 20928K, 0% used [0x00000000f1df0000,0x00000000f1df0000,0x00000000f3260000)
 ParOldGen       total 75776K, used 21440K [0x0000000091000000, 0x0000000095a00000, 0x00000000db000000)
  object space 75776K, 28% used [0x0000000091000000,0x00000000924f03d8,0x0000000095a00000)
 PSPermGen       total 36416K, used 36276K [0x000000008be00000, 0x000000008e190000, 0x0000000091000000)
  object space 36416K, 99% used [0x000000008be00000,0x000000008e16d180,0x000000008e190000)
}
Event: 8.950 GC heap before
{Heap before GC invocations=10 (full 0):
 PSYoungGen      total 238016K, used 238002K [0x00000000db000000, 0x00000000f3260000, 0x0000000100000000)
  eden space 221120K, 100% used [0x00000000db000000,0x00000000e87f0000,0x00000000e87f0000)
  from space 16896K, 99% used [0x00000000e87f0000,0x00000000e986c9b0,0x00000000e9870000)
  to   space 20928K, 0% used [0x00000000f1df0000,0x00000000f1df0000,0x00000000f3260000)
 ParOldGen       total 75776K, used 21440K [0x0000000091000000, 0x0000000095a00000, 0x00000000db000000)
  object space 75776K, 28% used [0x0000000091000000,0x00000000924f03d8,0x0000000095a00000)
 PSPermGen       total 37760K, used 37631K [0x000000008be00000, 0x000000008e2e0000, 0x0000000091000000)
  object space 37760K, 99% used [0x000000008be00000,0x000000008e2bff88,0x000000008e2e0000)
Event: 8.979 GC heap after
Heap after GC invocations=10 (full 0):
 PSYoungGen      total 374272K, used 14390K [0x00000000db000000, 0x00000000f3340000, 0x0000000100000000)
  eden space 353344K, 0% used [0x00000000db000000,0x00000000db000000,0x00000000f0910000)
  from space 20928K, 68% used [0x00000000f1df0000,0x00000000f2bfdb18,0x00000000f3260000)
  to   space 21376K, 0% used [0x00000000f0910000,0x00000000f0910000,0x00000000f1df0000)
 ParOldGen       total 75776K, used 28636K [0x0000000091000000, 0x0000000095a00000, 0x00000000db000000)
  object space 75776K, 37% used [0x0000000091000000,0x0000000092bf73d8,0x0000000095a00000)
 PSPermGen       total 37760K, used 37631K [0x000000008be00000, 0x000000008e2e0000, 0x0000000091000000)
  object space 37760K, 99% used [0x000000008be00000,0x000000008e2bff88,0x000000008e2e0000)
}

