# JRE version: 7.0_07-b10
# Java VM: Java HotSpot(TM) 64-Bit Server VM (23.3-b01 mixed mode windows-amd64 compressed oops)
Heap
 PSYoungGen      total 374272K, used 362614K [0x00000000db000000, 0x00000000f3310000, 0x0000000100000000)
  eden space 353728K, 98% used [0x00000000db000000,0x00000000f040b8e0,0x00000000f0970000)
  from space 20544K, 70% used [0x00000000f1e00000,0x00000000f2c12288,0x00000000f3210000)
  to   space 21056K, 0% used [0x00000000f0970000,0x00000000f0970000,0x00000000f1e00000)
 ParOldGen       total 75776K, used 27881K [0x0000000091000000, 0x0000000095a00000, 0x00000000db000000)
  object space 75776K, 36% used [0x0000000091000000,0x0000000092b3a780,0x0000000095a00000)
 PSPermGen       total 51584K, used 51493K [0x000000008be00000, 0x000000008f060000, 0x0000000091000000)
  object space 51584K, 99% used [0x000000008be00000,0x000000008f049510,0x000000008f060000)
GC Heap History (10 events):
Event: 2.628 GC heap before
{Heap before GC invocations=6 (full 0):
 PSYoungGen      total 61568K, used 61544K [0x00000000db000000, 0x00000000e3100000, 0x0000000100000000)
  eden space 56832K, 100% used [0x00000000db000000,0x00000000de780000,0x00000000de780000)
  from space 4736K, 99% used [0x00000000de780000,0x00000000dec1a020,0x00000000dec20000)
  to   space 9216K, 0% used [0x00000000e2800000,0x00000000e2800000,0x00000000e3100000)
 ParOldGen       total 75776K, used 8980K [0x0000000091000000, 0x0000000095a00000, 0x00000000db000000)
  object space 75776K, 11% used [0x0000000091000000,0x00000000918c5310,0x0000000095a00000)
 PSPermGen       total 24512K, used 24483K [0x000000008be00000, 0x000000008d5f0000, 0x0000000091000000)
  object space 24512K, 99% used [0x000000008be00000,0x000000008d5e8e70,0x000000008d5f0000)
Event: 2.659 GC heap after
Heap after GC invocations=6 (full 0):
 PSYoungGen      total 121792K, used 9202K [0x00000000db000000, 0x00000000e3320000, 0x0000000100000000)
  eden space 112576K, 0% used [0x00000000db000000,0x00000000db000000,0x00000000e1df0000)
  from space 9216K, 99% used [0x00000000e2800000,0x00000000e30fca10,0x00000000e3100000)
  to   space 10304K, 0% used [0x00000000e1df0000,0x00000000e1df0000,0x00000000e2800000)
 ParOldGen       total 75776K, used 8980K [0x0000000091000000, 0x0000000095a00000, 0x00000000db000000)
  object space 75776K, 11% used [0x0000000091000000,0x00000000918c5310,0x0000000095a00000)
 PSPermGen       total 24512K, used 24483K [0x000000008be00000, 0x000000008d5f0000, 0x0000000091000000)
  object space 24512K, 99% used [0x000000008be00000,0x000000008d5e8e70,0x000000008d5f0000)
}
Event: 3.644 GC heap before
{Heap before GC invocations=7 (full 0):
 PSYoungGen      total 121792K, used 121778K [0x00000000db000000, 0x00000000e3320000, 0x0000000100000000)
  eden space 112576K, 100% used [0x00000000db000000,0x00000000e1df0000,0x00000000e1df0000)
  from space 9216K, 99% used [0x00000000e2800000,0x00000000e30fca10,0x00000000e3100000)
  to   space 10304K, 0% used [0x00000000e1df0000,0x00000000e1df0000,0x00000000e2800000)
 ParOldGen       total 75776K, used 8980K [0x0000000091000000, 0x0000000095a00000, 0x00000000db000000)
  object space 75776K, 11% used [0x0000000091000000,0x00000000918c5310,0x0000000095a00000)
 PSPermGen       total 31232K, used 31197K [0x000000008be00000, 0x000000008dc80000, 0x0000000091000000)
  object space 31232K, 99% used [0x000000008be00000,0x000000008dc77690,0x000000008dc80000)
Event: 3.659 GC heap after
Heap after GC invocations=7 (full 0):
 PSYoungGen      total 122880K, used 10293K [0x00000000db000000, 0x00000000ea520000, 0x0000000100000000)
  eden space 112576K, 0% used [0x00000000db000000,0x00000000db000000,0x00000000e1df0000)
  from space 10304K, 99% used [0x00000000e1df0000,0x00000000e27fd700,0x00000000e2800000)
  to   space 12928K, 0% used [0x00000000e9880000,0x00000000e9880000,0x00000000ea520000)
 ParOldGen       total 75776K, used 11757K [0x0000000091000000, 0x0000000095a00000, 0x00000000db000000)
  object space 75776K, 15% used [0x0000000091000000,0x0000000091b7b6a0,0x0000000095a00000)
 PSPermGen       total 31232K, used 31197K [0x000000008be00000, 0x000000008dc80000, 0x0000000091000000)
  object space 31232K, 99% used [0x000000008be00000,0x000000008dc77690,0x000000008dc80000)
}
Event: 4.778 GC heap before
{Heap before GC invocations=8 (full 0):
 PSYoungGen      total 122880K, used 122869K [0x00000000db000000, 0x00000000ea520000, 0x0000000100000000)
  eden space 112576K, 100% used [0x00000000db000000,0x00000000e1df0000,0x00000000e1df0000)
  from space 10304K, 99% used [0x00000000e1df0000,0x00000000e27fd700,0x00000000e2800000)
  to   space 12928K, 0% used [0x00000000e9880000,0x00000000e9880000,0x00000000ea520000)
 ParOldGen       total 75776K, used 11757K [0x0000000091000000, 0x0000000095a00000, 0x00000000db000000)
  object space 75776K, 15% used [0x0000000091000000,0x0000000091b7b6a0,0x0000000095a00000)
 PSPermGen       total 35072K, used 35003K [0x000000008be00000, 0x000000008e040000, 0x0000000091000000)
  object space 35072K, 99% used [0x000000008be00000,0x000000008e02ef68,0x000000008e040000)
Event: 4.802 GC heap after
Heap after GC invocations=8 (full 0):
 PSYoungGen      total 234304K, used 12919K [0x00000000db000000, 0x00000000eac80000, 0x0000000100000000)
  eden space 221376K, 0% used [0x00000000db000000,0x00000000db000000,0x00000000e8830000)
  from space 12928K, 99% used [0x00000000e9880000,0x00000000ea51def8,0x00000000ea520000)
  to   space 16704K, 0% used [0x00000000e8830000,0x00000000e8830000,0x00000000e9880000)
 ParOldGen       total 75776K, used 16742K [0x0000000091000000, 0x0000000095a00000, 0x00000000db000000)
  object space 75776K, 22% used [0x0000000091000000,0x0000000092059888,0x0000000095a00000)
 PSPermGen       total 35072K, used 35003K [0x000000008be00000, 0x000000008e040000, 0x0000000091000000)
  object space 35072K, 99% used [0x000000008be00000,0x000000008e02ef68,0x000000008e040000)
}
Event: 6.078 GC heap before
{Heap before GC invocations=9 (full 0):
 PSYoungGen      total 234304K, used 234295K [0x00000000db000000, 0x00000000eac80000, 0x0000000100000000)
  eden space 221376K, 100% used [0x00000000db000000,0x00000000e8830000,0x00000000e8830000)
  from space 12928K, 99% used [0x00000000e9880000,0x00000000ea51def8,0x00000000ea520000)
  to   space 16704K, 0% used [0x00000000e8830000,0x00000000e8830000,0x00000000e9880000)
 ParOldGen       total 75776K, used 16742K [0x0000000091000000, 0x0000000095a00000, 0x00000000db000000)
  object space 75776K, 22% used [0x0000000091000000,0x0000000092059888,0x0000000095a00000)
 PSPermGen       total 36416K, used 36275K [0x000000008be00000, 0x000000008e190000, 0x0000000091000000)
  object space 36416K, 99% used [0x000000008be00000,0x000000008e16cf70,0x000000008e190000)
Event: 6.096 GC heap after
Heap after GC invocations=9 (full 0):
 PSYoungGen      total 238080K, used 16680K [0x00000000db000000, 0x00000000f3210000, 0x0000000100000000)
  eden space 221376K, 0% used [0x00000000db000000,0x00000000db000000,0x00000000e8830000)
  from space 16704K, 99% used [0x00000000e8830000,0x00000000e987a0a8,0x00000000e9880000)
  to   space 20544K, 0% used [0x00000000f1e00000,0x00000000f1e00000,0x00000000f3210000)
 ParOldGen       total 75776K, used 20684K [0x0000000091000000, 0x0000000095a00000, 0x00000000db000000)
  object space 75776K, 27% used [0x0000000091000000,0x0000000092433190,0x0000000095a00000)
 PSPermGen       total 36416K, used 36275K [0x000000008be00000, 0x000000008e190000, 0x0000000091000000)
  object space 36416K, 99% used [0x000000008be00000,0x000000008e16cf70,0x000000008e190000)
}
Event: 7.618 GC heap before
{Heap before GC invocations=10 (full 0):
 PSYoungGen      total 238080K, used 238056K [0x00000000db000000, 0x00000000f3210000, 0x0000000100000000)
  eden space 221376K, 100% used [0x00000000db000000,0x00000000e8830000,0x00000000e8830000)
  from space 16704K, 99% used [0x00000000e8830000,0x00000000e987a0a8,0x00000000e9880000)
  to   space 20544K, 0% used [0x00000000f1e00000,0x00000000f1e00000,0x00000000f3210000)
 ParOldGen       total 75776K, used 20684K [0x0000000091000000, 0x0000000095a00000, 0x00000000db000000)
  object space 75776K, 27% used [0x0000000091000000,0x0000000092433190,0x0000000095a00000)
 PSPermGen       total 37760K, used 37615K [0x000000008be00000, 0x000000008e2e0000, 0x0000000091000000)
  object space 37760K, 99% used [0x000000008be00000,0x000000008e2bbec0,0x000000008e2e0000)
Event: 7.637 GC heap after
Heap after GC invocations=10 (full 0):
 PSYoungGen      total 374272K, used 14408K [0x00000000db000000, 0x00000000f3310000, 0x0000000100000000)
  eden space 353728K, 0% used [0x00000000db000000,0x00000000db000000,0x00000000f0970000)
  from space 20544K, 70% used [0x00000000f1e00000,0x00000000f2c12288,0x00000000f3210000)
  to   space 21056K, 0% used [0x00000000f0970000,0x00000000f0970000,0x00000000f1e00000)
 ParOldGen       total 75776K, used 27881K [0x0000000091000000, 0x0000000095a00000, 0x00000000db000000)
  object space 75776K, 36% used [0x0000000091000000,0x0000000092b3a780,0x0000000095a00000)
 PSPermGen       total 37760K, used 37615K [0x000000008be00000, 0x000000008e2e0000, 0x0000000091000000)
  object space 37760K, 99% used [0x000000008be00000,0x000000008e2bbec0,0x000000008e2e0000)
}

