# JRE version: 7.0_07-b10
# Java VM: Java HotSpot(TM) 64-Bit Server VM (23.3-b01 mixed mode windows-amd64 compressed oops)
Heap
 PSYoungGen      total 374208K, used 367403K [0x00000000db000000, 0x00000000f3350000, 0x0000000100000000)
  eden space 353152K, 99% used [0x00000000db000000,0x00000000f08a35d8,0x00000000f08e0000)
  from space 21056K, 68% used [0x00000000f1de0000,0x00000000f2c07710,0x00000000f3270000)
  to   space 21504K, 0% used [0x00000000f08e0000,0x00000000f08e0000,0x00000000f1de0000)
 ParOldGen       total 75776K, used 28741K [0x0000000091000000, 0x0000000095a00000, 0x00000000db000000)
  object space 75776K, 37% used [0x0000000091000000,0x0000000092c11790,0x0000000095a00000)
 PSPermGen       total 51584K, used 51504K [0x000000008be00000, 0x000000008f060000, 0x0000000091000000)
  object space 51584K, 99% used [0x000000008be00000,0x000000008f04c3f8,0x000000008f060000)
GC Heap History (10 events):
Event: 3.271 GC heap before
{Heap before GC invocations=6 (full 0):
 PSYoungGen      total 61568K, used 61544K [0x00000000db000000, 0x00000000e3100000, 0x0000000100000000)
  eden space 56832K, 100% used [0x00000000db000000,0x00000000de780000,0x00000000de780000)
  from space 4736K, 99% used [0x00000000de780000,0x00000000dec1a020,0x00000000dec20000)
  to   space 9216K, 0% used [0x00000000e2800000,0x00000000e2800000,0x00000000e3100000)
 ParOldGen       total 75776K, used 8896K [0x0000000091000000, 0x0000000095a00000, 0x00000000db000000)
  object space 75776K, 11% used [0x0000000091000000,0x00000000918b03d8,0x0000000095a00000)
 PSPermGen       total 24512K, used 24485K [0x000000008be00000, 0x000000008d5f0000, 0x0000000091000000)
  object space 24512K, 99% used [0x000000008be00000,0x000000008d5e9730,0x000000008d5f0000)
Event: 3.295 GC heap after
Heap after GC invocations=6 (full 0):
 PSYoungGen      total 121728K, used 9205K [0x00000000db000000, 0x00000000e3340000, 0x0000000100000000)
  eden space 112512K, 0% used [0x00000000db000000,0x00000000db000000,0x00000000e1de0000)
  from space 9216K, 99% used [0x00000000e2800000,0x00000000e30fd4d0,0x00000000e3100000)
  to   space 10368K, 0% used [0x00000000e1de0000,0x00000000e1de0000,0x00000000e2800000)
 ParOldGen       total 75776K, used 8997K [0x0000000091000000, 0x0000000095a00000, 0x00000000db000000)
  object space 75776K, 11% used [0x0000000091000000,0x00000000918c9778,0x0000000095a00000)
 PSPermGen       total 24512K, used 24485K [0x000000008be00000, 0x000000008d5f0000, 0x0000000091000000)
  object space 24512K, 99% used [0x000000008be00000,0x000000008d5e9730,0x000000008d5f0000)
}
Event: 4.399 GC heap before
{Heap before GC invocations=7 (full 0):
 PSYoungGen      total 121728K, used 121717K [0x00000000db000000, 0x00000000e3340000, 0x0000000100000000)
  eden space 112512K, 100% used [0x00000000db000000,0x00000000e1de0000,0x00000000e1de0000)
  from space 9216K, 99% used [0x00000000e2800000,0x00000000e30fd4d0,0x00000000e3100000)
  to   space 10368K, 0% used [0x00000000e1de0000,0x00000000e1de0000,0x00000000e2800000)
 ParOldGen       total 75776K, used 8997K [0x0000000091000000, 0x0000000095a00000, 0x00000000db000000)
  object space 75776K, 11% used [0x0000000091000000,0x00000000918c9778,0x0000000095a00000)
 PSPermGen       total 31232K, used 31197K [0x000000008be00000, 0x000000008dc80000, 0x0000000091000000)
  object space 31232K, 99% used [0x000000008be00000,0x000000008dc776a8,0x000000008dc80000)
Event: 4.419 GC heap after
Heap after GC invocations=7 (full 0):
 PSYoungGen      total 122880K, used 10358K [0x00000000db000000, 0x00000000ea500000, 0x0000000100000000)
  eden space 112512K, 0% used [0x00000000db000000,0x00000000db000000,0x00000000e1de0000)
  from space 10368K, 99% used [0x00000000e1de0000,0x00000000e27fdaf0,0x00000000e2800000)
  to   space 12928K, 0% used [0x00000000e9860000,0x00000000e9860000,0x00000000ea500000)
 ParOldGen       total 75776K, used 11680K [0x0000000091000000, 0x0000000095a00000, 0x00000000db000000)
  object space 75776K, 15% used [0x0000000091000000,0x0000000091b68310,0x0000000095a00000)
 PSPermGen       total 31232K, used 31197K [0x000000008be00000, 0x000000008dc80000, 0x0000000091000000)
  object space 31232K, 99% used [0x000000008be00000,0x000000008dc776a8,0x000000008dc80000)
}
Event: 5.723 GC heap before
{Heap before GC invocations=8 (full 0):
 PSYoungGen      total 122880K, used 122870K [0x00000000db000000, 0x00000000ea500000, 0x0000000100000000)
  eden space 112512K, 100% used [0x00000000db000000,0x00000000e1de0000,0x00000000e1de0000)
  from space 10368K, 99% used [0x00000000e1de0000,0x00000000e27fdaf0,0x00000000e2800000)
  to   space 12928K, 0% used [0x00000000e9860000,0x00000000e9860000,0x00000000ea500000)
 ParOldGen       total 75776K, used 11680K [0x0000000091000000, 0x0000000095a00000, 0x00000000db000000)
  object space 75776K, 15% used [0x0000000091000000,0x0000000091b68310,0x0000000095a00000)
 PSPermGen       total 35072K, used 34998K [0x000000008be00000, 0x000000008e040000, 0x0000000091000000)
  object space 35072K, 99% used [0x000000008be00000,0x000000008e02da90,0x000000008e040000)
Event: 5.756 GC heap after
Heap after GC invocations=8 (full 0):
 PSYoungGen      total 233920K, used 12901K [0x00000000db000000, 0x00000000eace0000, 0x0000000100000000)
  eden space 220992K, 0% used [0x00000000db000000,0x00000000db000000,0x00000000e87d0000)
  from space 12928K, 99% used [0x00000000e9860000,0x00000000ea4f94d0,0x00000000ea500000)
  to   space 16960K, 0% used [0x00000000e87d0000,0x00000000e87d0000,0x00000000e9860000)
 ParOldGen       total 75776K, used 17206K [0x0000000091000000, 0x0000000095a00000, 0x00000000db000000)
  object space 75776K, 22% used [0x0000000091000000,0x00000000920cd838,0x0000000095a00000)
 PSPermGen       total 35072K, used 34998K [0x000000008be00000, 0x000000008e040000, 0x0000000091000000)
  object space 35072K, 99% used [0x000000008be00000,0x000000008e02da90,0x000000008e040000)
}
Event: 7.442 GC heap before
{Heap before GC invocations=9 (full 0):
 PSYoungGen      total 233920K, used 233893K [0x00000000db000000, 0x00000000eace0000, 0x0000000100000000)
  eden space 220992K, 100% used [0x00000000db000000,0x00000000e87d0000,0x00000000e87d0000)
  from space 12928K, 99% used [0x00000000e9860000,0x00000000ea4f94d0,0x00000000ea500000)
  to   space 16960K, 0% used [0x00000000e87d0000,0x00000000e87d0000,0x00000000e9860000)
 ParOldGen       total 75776K, used 17206K [0x0000000091000000, 0x0000000095a00000, 0x00000000db000000)
  object space 75776K, 22% used [0x0000000091000000,0x00000000920cd838,0x0000000095a00000)
 PSPermGen       total 36416K, used 36274K [0x000000008be00000, 0x000000008e190000, 0x0000000091000000)
  object space 36416K, 99% used [0x000000008be00000,0x000000008e16c850,0x000000008e190000)
Event: 7.462 GC heap after
Heap after GC invocations=9 (full 0):
 PSYoungGen      total 237952K, used 16947K [0x00000000db000000, 0x00000000f3270000, 0x0000000100000000)
  eden space 220992K, 0% used [0x00000000db000000,0x00000000db000000,0x00000000e87d0000)
  from space 16960K, 99% used [0x00000000e87d0000,0x00000000e985cef8,0x00000000e9860000)
  to   space 21056K, 0% used [0x00000000f1de0000,0x00000000f1de0000,0x00000000f3270000)
 ParOldGen       total 75776K, used 21540K [0x0000000091000000, 0x0000000095a00000, 0x00000000db000000)
  object space 75776K, 28% used [0x0000000091000000,0x0000000092509008,0x0000000095a00000)
 PSPermGen       total 36416K, used 36274K [0x000000008be00000, 0x000000008e190000, 0x0000000091000000)
  object space 36416K, 99% used [0x000000008be00000,0x000000008e16c850,0x000000008e190000)
}
Event: 9.216 GC heap before
{Heap before GC invocations=10 (full 0):
 PSYoungGen      total 237952K, used 237939K [0x00000000db000000, 0x00000000f3270000, 0x0000000100000000)
  eden space 220992K, 100% used [0x00000000db000000,0x00000000e87d0000,0x00000000e87d0000)
  from space 16960K, 99% used [0x00000000e87d0000,0x00000000e985cef8,0x00000000e9860000)
  to   space 21056K, 0% used [0x00000000f1de0000,0x00000000f1de0000,0x00000000f3270000)
 ParOldGen       total 75776K, used 21540K [0x0000000091000000, 0x0000000095a00000, 0x00000000db000000)
  object space 75776K, 28% used [0x0000000091000000,0x0000000092509008,0x0000000095a00000)
 PSPermGen       total 37760K, used 37620K [0x000000008be00000, 0x000000008e2e0000, 0x0000000091000000)
  object space 37760K, 99% used [0x000000008be00000,0x000000008e2bd298,0x000000008e2e0000)
Event: 9.235 GC heap after
Heap after GC invocations=10 (full 0):
 PSYoungGen      total 374208K, used 14493K [0x00000000db000000, 0x00000000f3350000, 0x0000000100000000)
  eden space 353152K, 0% used [0x00000000db000000,0x00000000db000000,0x00000000f08e0000)
  from space 21056K, 68% used [0x00000000f1de0000,0x00000000f2c07710,0x00000000f3270000)
  to   space 21504K, 0% used [0x00000000f08e0000,0x00000000f08e0000,0x00000000f1de0000)
 ParOldGen       total 75776K, used 28741K [0x0000000091000000, 0x0000000095a00000, 0x00000000db000000)
  object space 75776K, 37% used [0x0000000091000000,0x0000000092c11790,0x0000000095a00000)
 PSPermGen       total 37760K, used 37620K [0x000000008be00000, 0x000000008e2e0000, 0x0000000091000000)
  object space 37760K, 99% used [0x000000008be00000,0x000000008e2bd298,0x000000008e2e0000)
}

