# JRE version: 7.0_07-b10
# Java VM: Java HotSpot(TM) 64-Bit Server VM (23.3-b01 mixed mode windows-amd64 compressed oops)
Heap
 PSYoungGen      total 374144K, used 329990K [0x00000000db000000, 0x00000000f3310000, 0x0000000100000000)
  eden space 353280K, 89% used [0x00000000db000000,0x00000000ee42bda8,0x00000000f0900000)
  from space 20864K, 69% used [0x00000000f1dd0000,0x00000000f2be5b18,0x00000000f3230000)
  to   space 21312K, 0% used [0x00000000f0900000,0x00000000f0900000,0x00000000f1dd0000)
 ParOldGen       total 75776K, used 28318K [0x0000000091000000, 0x0000000095a00000, 0x00000000db000000)
  object space 75776K, 37% used [0x0000000091000000,0x0000000092ba7888,0x0000000095a00000)
 PSPermGen       total 51392K, used 51363K [0x000000008be00000, 0x000000008f030000, 0x0000000091000000)
  object space 51392K, 99% used [0x000000008be00000,0x000000008f028d30,0x000000008f030000)
GC Heap History (10 events):
Event: 2.597 GC heap before
{Heap before GC invocations=6 (full 0):
 PSYoungGen      total 61568K, used 61560K [0x00000000db000000, 0x00000000e3100000, 0x0000000100000000)
  eden space 56832K, 100% used [0x00000000db000000,0x00000000de780000,0x00000000de780000)
  from space 4736K, 99% used [0x00000000de780000,0x00000000dec1e030,0x00000000dec20000)
  to   space 9216K, 0% used [0x00000000e2800000,0x00000000e2800000,0x00000000e3100000)
 ParOldGen       total 75776K, used 8919K [0x0000000091000000, 0x0000000095a00000, 0x00000000db000000)
  object space 75776K, 11% used [0x0000000091000000,0x00000000918b5d58,0x0000000095a00000)
 PSPermGen       total 24512K, used 24482K [0x000000008be00000, 0x000000008d5f0000, 0x0000000091000000)
  object space 24512K, 99% used [0x000000008be00000,0x000000008d5e8ba0,0x000000008d5f0000)
Event: 2.635 GC heap after
Heap after GC invocations=6 (full 0):
 PSYoungGen      total 121728K, used 9188K [0x00000000db000000, 0x00000000e3340000, 0x0000000100000000)
  eden space 112512K, 0% used [0x00000000db000000,0x00000000db000000,0x00000000e1de0000)
  from space 9216K, 99% used [0x00000000e2800000,0x00000000e30f9170,0x00000000e3100000)
  to   space 10368K, 0% used [0x00000000e1de0000,0x00000000e1de0000,0x00000000e2800000)
 ParOldGen       total 75776K, used 8948K [0x0000000091000000, 0x0000000095a00000, 0x00000000db000000)
  object space 75776K, 11% used [0x0000000091000000,0x00000000918bd188,0x0000000095a00000)
 PSPermGen       total 24512K, used 24482K [0x000000008be00000, 0x000000008d5f0000, 0x0000000091000000)
  object space 24512K, 99% used [0x000000008be00000,0x000000008d5e8ba0,0x000000008d5f0000)
}
Event: 3.578 GC heap before
{Heap before GC invocations=7 (full 0):
 PSYoungGen      total 121728K, used 121700K [0x00000000db000000, 0x00000000e3340000, 0x0000000100000000)
  eden space 112512K, 100% used [0x00000000db000000,0x00000000e1de0000,0x00000000e1de0000)
  from space 9216K, 99% used [0x00000000e2800000,0x00000000e30f9170,0x00000000e3100000)
  to   space 10368K, 0% used [0x00000000e1de0000,0x00000000e1de0000,0x00000000e2800000)
 ParOldGen       total 75776K, used 8948K [0x0000000091000000, 0x0000000095a00000, 0x00000000db000000)
  object space 75776K, 11% used [0x0000000091000000,0x00000000918bd188,0x0000000095a00000)
 PSPermGen       total 31232K, used 31194K [0x000000008be00000, 0x000000008dc80000, 0x0000000091000000)
  object space 31232K, 99% used [0x000000008be00000,0x000000008dc76b20,0x000000008dc80000)
Event: 3.594 GC heap after
Heap after GC invocations=7 (full 0):
 PSYoungGen      total 122880K, used 10349K [0x00000000db000000, 0x00000000ea500000, 0x0000000100000000)
  eden space 112512K, 0% used [0x00000000db000000,0x00000000db000000,0x00000000e1de0000)
  from space 10368K, 99% used [0x00000000e1de0000,0x00000000e27fb578,0x00000000e2800000)
  to   space 12928K, 0% used [0x00000000e9860000,0x00000000e9860000,0x00000000ea500000)
 ParOldGen       total 75776K, used 11694K [0x0000000091000000, 0x0000000095a00000, 0x00000000db000000)
  object space 75776K, 15% used [0x0000000091000000,0x0000000091b6b908,0x0000000095a00000)
 PSPermGen       total 31232K, used 31194K [0x000000008be00000, 0x000000008dc80000, 0x0000000091000000)
  object space 31232K, 99% used [0x000000008be00000,0x000000008dc76b20,0x000000008dc80000)
}
Event: 4.694 GC heap before
{Heap before GC invocations=8 (full 0):
 PSYoungGen      total 122880K, used 122861K [0x00000000db000000, 0x00000000ea500000, 0x0000000100000000)
  eden space 112512K, 100% used [0x00000000db000000,0x00000000e1de0000,0x00000000e1de0000)
  from space 10368K, 99% used [0x00000000e1de0000,0x00000000e27fb578,0x00000000e2800000)
  to   space 12928K, 0% used [0x00000000e9860000,0x00000000e9860000,0x00000000ea500000)
 ParOldGen       total 75776K, used 11694K [0x0000000091000000, 0x0000000095a00000, 0x00000000db000000)
  object space 75776K, 15% used [0x0000000091000000,0x0000000091b6b908,0x0000000095a00000)
 PSPermGen       total 35072K, used 35001K [0x000000008be00000, 0x000000008e040000, 0x0000000091000000)
  object space 35072K, 99% used [0x000000008be00000,0x000000008e02e6e8,0x000000008e040000)
Event: 4.714 GC heap after
Heap after GC invocations=8 (full 0):
 PSYoungGen      total 233984K, used 12901K [0x00000000db000000, 0x00000000eacc0000, 0x0000000100000000)
  eden space 221056K, 0% used [0x00000000db000000,0x00000000db000000,0x00000000e87e0000)
  from space 12928K, 99% used [0x00000000e9860000,0x00000000ea4f9508,0x00000000ea500000)
  to   space 16896K, 0% used [0x00000000e87e0000,0x00000000e87e0000,0x00000000e9860000)
 ParOldGen       total 75776K, used 16987K [0x0000000091000000, 0x0000000095a00000, 0x00000000db000000)
  object space 75776K, 22% used [0x0000000091000000,0x0000000092096c68,0x0000000095a00000)
 PSPermGen       total 35072K, used 35001K [0x000000008be00000, 0x000000008e040000, 0x0000000091000000)
  object space 35072K, 99% used [0x000000008be00000,0x000000008e02e6e8,0x000000008e040000)
}
Event: 6.027 GC heap before
{Heap before GC invocations=9 (full 0):
 PSYoungGen      total 233984K, used 233957K [0x00000000db000000, 0x00000000eacc0000, 0x0000000100000000)
  eden space 221056K, 100% used [0x00000000db000000,0x00000000e87e0000,0x00000000e87e0000)
  from space 12928K, 99% used [0x00000000e9860000,0x00000000ea4f9508,0x00000000ea500000)
  to   space 16896K, 0% used [0x00000000e87e0000,0x00000000e87e0000,0x00000000e9860000)
 ParOldGen       total 75776K, used 16987K [0x0000000091000000, 0x0000000095a00000, 0x00000000db000000)
  object space 75776K, 22% used [0x0000000091000000,0x0000000092096c68,0x0000000095a00000)
 PSPermGen       total 36416K, used 36276K [0x000000008be00000, 0x000000008e190000, 0x0000000091000000)
  object space 36416K, 99% used [0x000000008be00000,0x000000008e16d100,0x000000008e190000)
Event: 6.044 GC heap after
Heap after GC invocations=9 (full 0):
 PSYoungGen      total 237952K, used 16874K [0x00000000db000000, 0x00000000f3230000, 0x0000000100000000)
  eden space 221056K, 0% used [0x00000000db000000,0x00000000db000000,0x00000000e87e0000)
  from space 16896K, 99% used [0x00000000e87e0000,0x00000000e985a8f0,0x00000000e9860000)
  to   space 20864K, 0% used [0x00000000f1dd0000,0x00000000f1dd0000,0x00000000f3230000)
 ParOldGen       total 75776K, used 21118K [0x0000000091000000, 0x0000000095a00000, 0x00000000db000000)
  object space 75776K, 27% used [0x0000000091000000,0x000000009249faa8,0x0000000095a00000)
 PSPermGen       total 36416K, used 36276K [0x000000008be00000, 0x000000008e190000, 0x0000000091000000)
  object space 36416K, 99% used [0x000000008be00000,0x000000008e16d100,0x000000008e190000)
}
Event: 7.543 GC heap before
{Heap before GC invocations=10 (full 0):
 PSYoungGen      total 237952K, used 237930K [0x00000000db000000, 0x00000000f3230000, 0x0000000100000000)
  eden space 221056K, 100% used [0x00000000db000000,0x00000000e87e0000,0x00000000e87e0000)
  from space 16896K, 99% used [0x00000000e87e0000,0x00000000e985a8f0,0x00000000e9860000)
  to   space 20864K, 0% used [0x00000000f1dd0000,0x00000000f1dd0000,0x00000000f3230000)
 ParOldGen       total 75776K, used 21118K [0x0000000091000000, 0x0000000095a00000, 0x00000000db000000)
  object space 75776K, 27% used [0x0000000091000000,0x000000009249faa8,0x0000000095a00000)
 PSPermGen       total 37760K, used 37615K [0x000000008be00000, 0x000000008e2e0000, 0x0000000091000000)
  object space 37760K, 99% used [0x000000008be00000,0x000000008e2bbc48,0x000000008e2e0000)
Event: 7.559 GC heap after
Heap after GC invocations=10 (full 0):
 PSYoungGen      total 374144K, used 14422K [0x00000000db000000, 0x00000000f3310000, 0x0000000100000000)
  eden space 353280K, 0% used [0x00000000db000000,0x00000000db000000,0x00000000f0900000)
  from space 20864K, 69% used [0x00000000f1dd0000,0x00000000f2be5b18,0x00000000f3230000)
  to   space 21312K, 0% used [0x00000000f0900000,0x00000000f0900000,0x00000000f1dd0000)
 ParOldGen       total 75776K, used 28318K [0x0000000091000000, 0x0000000095a00000, 0x00000000db000000)
  object space 75776K, 37% used [0x0000000091000000,0x0000000092ba7888,0x0000000095a00000)
 PSPermGen       total 37760K, used 37615K [0x000000008be00000, 0x000000008e2e0000, 0x0000000091000000)
  object space 37760K, 99% used [0x000000008be00000,0x000000008e2bbc48,0x000000008e2e0000)
}

